<?xml version="1.0" encoding="UTF-8"?>
<!-- Generated by org.testng.reporters.JUnitReportReporter -->
<testsuite hostname="DESKTOP-NH3HAU6" failures="0" tests="1" name="testCases.AJAX_Data_TC5" time="36.300" errors="0" timestamp="2022-09-14T06:14:53 GMT+05:30" skipped="0">
  <testcase classname="testCases.AJAX_Data_TC5" name="ajax_method" time="36.300"/>
  <system-out/>
</testsuite> <!-- testCases.AJAX_Data_TC5 -->
